1 214
1 243
1 34
1 272
1 157
1 181
1 294
1 142
1 13
1 260
1 266
1 289
1 113
1 11
1 69
1 60
1 186
1 283
1 182
1 297
1 257
1 76
1 96
1 97
1 99
1 102
1 244
1 273
1 286
1 107
1 112
1 197
1 12
1 217
1 202
1 120
1 122
1 153
1 128
1 213
1 1
1 44
1 132
1 259
1 136
1 261
1 127
1 17
1 105
1 162
1 95
1 171
1 14
1 90
1 86
1 245
1 285
1 81
1 291
1 26
1 64
1 206
1 207
1 55
1 49
1 215
1 220
1 115
2 21 190
1 22
2 24 28
1 229
2 228 246
1 227
2 226 241
1 225
1 224
2 4 198
2 222 29
2 221 242
2 233 193
2 219 183
1 218
1 234
2 216 185
2 235 196
2 236 191
2 237 20
2 8 199
2 211 195
1 210
1 209
1 208
2 238 248
2 239 27
1 205
1 204
2 203 30
2 240 187
2 201 189
