1 8671
1 3729
1 6755
1 370
1 5071
1 3099
1 5186
1 1379
1 9099
1 9615
1 1247
1 4372
1 5961
1 6264
1 852
1 6896
1 6074
1 5850
1 2836
1 3778
1 9199
1 572
1 9435
1 9835
1 696
1 5440
1 3248
1 5670
1 8521
1 8552
1 2048
1 7771
1 9855
1 6470
1 1533
1 2650
1 7278
1 5986
1 7902
1 9689
1 6071
1 9607
1 4622
1 9128
1 5034
1 9502
1 1248
1 6119
1 7479
1 9829
1 8107
1 534
1 1954
1 6492
1 7258
1 3050
1 4495
1 7725
1 975
1 4162
1 3793
1 2492
1 232
1 4733
1 7135
1 5798
1 9004
1 9040
1 7830
1 9068
1 6644
1 85
1 9189
1 5003
1 3545
1 8011
1 631
1 630
1 6630
1 9155
1 8100
