1 2582
1 4763
1 6129
1 2812
1 5171
1 31
2 3868 9147
1 3689
1 3693
3 5070 8079 9343
1 1682
2 5809 9328
1 940
1 6889
1 2171
1 8679
3 2402 7144 43
1 5811
1 3702
2 6974 9354
1 1427
1 6150
1 1842
1 211
2 1707 8217
1 9621
1 894
2 257 8895
1 3161
1 9985
1 7767
1 8599
1 6244
1 9563
1 7600
2 289 7588
2 8097 9996
1 3890
1 1216
1 6647
1 5147
1 332
1 4100
2 7036 9369
1 1439
1 384
2 7408 9349
1 388
2 6567 9346
1 3507
2 4937 1460
2 5840 4433
1 4830
1 1970
1 2710
2 7065 8359
1 908
1 437
1 948
1 8546
1 5919
1 457
2 6181 6630
1 4005
1 6208
1 3433
1 2191
2 495 1240
1 9055
2 498 1149
3 7454 3896 9713
1 8433
1 6293
2 5376 9377
1 2481
1 4022
1 7239
1 3324
1 3739
1 6600
1 6518
1 6735
1 1269
1 3298
1 6076
1 5909
2 7782 9318
2 634 7663
2 6531 2120
1 3272
2 1430 9316
1 5344
1 2851
1 3751
1 1560
1 5914
1 4948
2 8342 9355
1 7891
1 4065
1 1676
1 768
1 9519
1 789
1 4836
2 9456 9344
2 2729 9138
1 807
1 1751
1 5307
1 1789
2 3245 1670
1 1821
2 4082 4636
2 2050 1098
1 5296
2 5563 454
2 6578 1040
3 5016 7620 8784
2 2865 795
1 6114
2 6075 9335
2 6046 4438
2 1214 2337
1 688
1 7097
3 3465 2644 9351
2 189 9345
3 4303 8882 7668
1 7119
1 2615
1 8290
1 2593
1 1015
1 2172
1 1016
1 6222
1 5245
2 9829 8929
1 8245
1 2269
2 7143 8879
1 2308
2 1094 9155
1 9579
1 2998
1 2359
1 2981
1 7662
1 1118
1 7650
1 8119
1 8982
2 6012 9755
1 6665
1 4084
1 8958
3 2477 7324 9342
1 8949
1 8999
1 6327
2 7672 9322
1 6333
4 6353 6714 245 4496
2 2342 9366
1 8792
2 7731 576
3 2304 8937 9357
2 8777 2890
1 2589
2 2246 137
2 2162 9362
2 7757 4689
3 8732 4170 1868
1 6200
3 6716 3247 9348
2 7790 9495
1 9601
2 1839 2542
2 7811 9359
1 1709
3 4218 6863 4401
1 4191
2 5509 9338
3 1686 9143 9341
2 7881 2684
2 1627 7560
2 7911 4390
2 7932 6848
2 9810 9320
1 7988
2 2872 981
2 7993 1933
2 5178 4436
3 1188 9099 2413
1 7198
2 2933 9363
3 2947 3684 9372
2 1107 6509
1 8139
2 8194 9361
2 7142 9999
2 3051 506
2 1005 333
1 5295
2 8341 9321
1 4068
2 3227 9356
3 9944 6155 9323
2 762 4761
2 3262 8923
1 5346
1 3297
2 585 4061
1 5883
2 569 7201
2 561 4453
1 3334
2 4032 3686
1 5851
3 471 1687 9327
2 8471 9332
2 435 8996
2 9973 1088
1 6607
2 3981 7224
2 398 9804
1 9737
4 3949 8046 19 9336
2 9770 9376
2 8549 9374
2 3593 2677
2 316 3810
1 9541
2 5380 4629
2 284 8390
1 6988
2 5409 2509
2 80 9284
2 5465 9229
2 8720 4419
1 8722
1 6740
1 1893
2 6808 6678
2 6146 8964
1 3767
1 4772
2 3801 6424
1 1959
2 5490 9253
3 1968 6455 8328
2 3797 3008
2 6813 4381
4 6689 9271 7105 952
2 6824 1604
1 9760
1 3633
2 3632 755
3 3597 2367 9364
2 3540 4677
2 9565 3820
2 3509 9385
1 3504
2 7053 9353
2 3447 1877
1 7068
2 4025 8793
1 9569
3 3385 3675 9326
4 3319 9742 9371 9378
2 7102 9373
2 4066 1765
3 3197 6642 8475
2 3187 2744
2 2922 9029
1 2882
3 7332 3976 9257
2 5736 8681
3 5807 3083 8947
2 7344 812
2 4228 9337
2 4263 6911
3 2662 9285 6995
3 2648 7278 9375
3 7446 519 4738
2 2630 9319
3 2587 7821 9329
2 7459 1565
2 2523 9317
1 6441
2 2519 3021
1 2510
2 8910 3992
2 7643 9358
1 6320
2 2478 9998
1 2476
1 6319
3 2468 9572 9083
3 2439 7966 9339
3 9849 459 9333
2 2247 4727
2 6251 9406
2 7756 8233
2 6237 3735
2 9187 3624
3 2193 8970 9921
2 2121 548
2 2070 9330
2 2061 8631
2 9324 1358
1 1978
2 1976 8534
2 1945 3544
3 7774 4292 9350
3 7799 711 9315
2 7842 8912
3 1748 8905 8374
2 4832 4500
2 1703 9368
3 6119 2807 9347
2 4877 9352
2 4906 1800
2 7880 7532
1 7899
2 4991 9331
2 7903 266
1 1356
2 1354 9365
2 5092 7775
2 5102 4030
2 5118 8452
1 1285
2 1270 9686
3 1267 4323 9370
2 8021 1882
3 1197 6221 4324
1 1194
2 5181 8975
2 5232 4492
2 1155 7189
2 8259 2242
1 5255
2 5955 2100
2 8308 9047
1 8326
2 870 8812
2 9457 1426
2 5321 8805
2 8344 4666
1 687
1 636
2 607 1009
3 8366 3477 8906
2 8370 7888
2 8412 93
2 409 7477
3 294 6943 1642
2 8600 3304
3 8647 4299 4460
3 133 3795 9754
2 8680 3809
2 8692 9585
1 5593
2 2773 9367
1 5557
2 2774 4613
1 5705
2 2783 844
2 8743 8264
2 2793 8620
3 5707 2352 8418
2 5663 3749
2 5774 6580
2 5474 7510
3 5453 6743 7390
2 5443 6788
3 5388 8835 8147
1 5813
1 9642
2 5362 2557
3 5357 2506 9340
3 5899 9777 9314
3 5901 9151 9360
2 5905 4134
2 5347 9048
2 5326 9334
2 5287 4559
2 5282 1090
3 5240 6485 8024
1 5168
2 6066 4523
1 5158
1 5134
2 5063 1492
3 4856 3397 9205
4 4822 7003 8707 9325
2 4817 7330
1 4774
