1 1904
1 9171
2 4513 3952
1 942
1 8340
1 555
1 4827
1 9998
1 3000
2 5602 33
1 9377
2 4704 4384
1 7679
1 947
2 8567 5196
1 2662
1 1478
2 8238 1051
1 7339
1 8689
1 9395
1 1164
1 9355
1 5967
1 25
1 3242
1 4241
1 6439
1 4474
1 3384
1 3933
1 4932
1 293
1 461
1 8591
1 1565
1 8770
1 4137
1 8135
1 965
1 1453
1 6561
1 6567
2 7966 3889
1 7285
1 4881
1 912
1 7898
1 5163
1 7943
2 3875 4760
1 3281
1 8895
1 4682
1 4542
1 4686
1 6195
1 9173
1 3856
1 2439
1 66
1 8034
1 1640
1 8708
1 3855
1 8225
1 5741
1 5998
1 3030
1 1261
2 8911 7542
2 1047 3464
3 2574 7180 1054
1 4003
1 3782
1 2359
1 9688
1 213
1 831
1 7983
1 6774
1 5058
1 8423
1 7980
1 2785
1 2087
2 3690 936
1 2105
1 797
1 465
1 792
1 8608
1 114
2 5981 4445
1 5448
1 5371
1 8474
1 5010
1 3627
2 8615 1342
1 5434
1 2174
2 3048 8358
1 2280
1 9723
1 6066
1 7322
1 5335
1 7563
1 7673
2 6448 7688
1 332
1 4954
2 8660 9388
1 3204
1 3224
1 4963
1 7100
1 6288
2 7365 2932
1 4943
2 3260 2977
1 2212
1 3279
1 7361
2 5949 4436
1 3164
2 3282 2940
1 8622
1 5961
1 5312
2 9868 567
1 375
1 9058
1 7946
1 9864
2 6350 4764
1 4889
2 3159 1402
2 394 6149
3 7954 7003 4117
1 6362
2 5922 1477
2 2299 9784
1 278
2 5919 941
1 7384
2 4871 1396
2 429 4115
2 7109 7276
1 6908
1 3352
1 438
2 3363 9415
2 450 5249
1 2110
1 6907
2 5908 4426
1 5029
1 5296
1 468
1 4860
1 7738
1 7345
1 5039
2 2324 6544
1 5891
1 473
1 3373
3 4851 2923 8008
1 476
1 2102
1 5888
1 251
1 496
2 7975 9797
1 7976
1 2325
1 5982
1 519
1 9092
1 5385
2 6263 5252
1 7533
2 8580 8363
1 8577
2 6875 7282
1 3127
2 7127 3456
1 226
1 542
1 4822
1 551
1 220
1 556
1 5869
1 4819
1 3120
1 6258
1 4428
1 4000
1 2383
1 8966
1 1009
1 1011
1 8329
2 9407 9328
2 4387 1312
1 5701
1 4036
2 4362 8364
2 4054 3918
1 5078
2 1321 4012
1 9572
1 5596
1 7615
1 6681
1 1058
1 8188
2 7210 7258
1 9558
1 9450
1 2407
2 6609 3460
1 8259
1 190
2 9546 6688
1 9471
2 8194 5478
1 2417
1 188
1 9484
1 4258
1 3075
1 7872
2 4271 8005
1 7223
1 3067
1 6642
2 1146 3473
2 8210 7059
1 4298
1 3551
1 674
2 4709 6724
1 5414
2 3559 2749
1 8714
2 6233 7425
1 689
1 8947
1 6000
1 700
1 149
1 7712
1 6983
2 9177 2668
2 6002 5475
2 142 8552
1 7553
1 3574
1 1892
1 5787
1 5276
1 3057
1 4662
3 3602 5498 4081
1 8483
1 732
1 4643
1 9200
1 3610
2 3052 576
1 4632
1 5786
1 5116
1 1868
1 5117
1 126
1 5784
2 5118 1520
1 9952
1 3636
2 7848 6569
1 1820
1 7458
2 3665 4794
1 8462
1 2506
1 801
1 1807
1 3667
2 7309 5259
1 6474
1 7847
2 5123 6590
2 6060 1531
2 3698 9353
1 6482
1 6783
1 824
1 2882
3 9696 933 8142
3 5126 2943 9127
1 6012
1 103
1 832
1 9266
1 5742
1 836
1 7069
2 2566 6706
1 8907
1 4595
1 4594
1 4589
1 9275
1 1679
1 9680
1 8084
1 8085
1 3800
3 1667 6122 6580
2 864 2046
1 8089
1 9673
1 3811
1 3822
1 5470
1 4560
2 9668 9396
1 1652
1 5724
1 4556
1 4554
1 3024
1 2588
1 8100
2 6521 1414
1 898
1 3018
1 3868
2 6178 2025
1 9302
1 9974
1 1606
1 4530
1 1605
1 7424
